npm verb cli /Users/adarsh/.nvm/versions/node/v18.12.0/bin/node /Users/adarsh/.nvm/versions/node/v18.12.0/bin/npm
npm info using npm@8.19.2
npm info using node@v18.12.0
npm timing npm:load:whichnode Completed in 0ms
npm timing config:load:defaults Completed in 0ms
npm timing config:load:file:/Users/adarsh/.nvm/versions/node/v18.12.0/lib/node_modules/npm/npmrc Completed in 1ms
npm timing config:load:builtin Completed in 1ms
npm timing config:load:cli Completed in 1ms
npm timing config:load:env Completed in 0ms
npm timing config:load:file:/Users/adarsh/Documents/CE/TS-Cypress/tmpBstackPackages/.npmrc Completed in 0ms
npm timing config:load:project Completed in 3ms
npm timing config:load:file:/Users/adarsh/.npmrc Completed in 1ms
npm timing config:load:user Completed in 1ms
npm timing config:load:file:/Users/adarsh/.nvm/versions/node/v18.12.0/etc/npmrc Completed in 0ms
npm timing config:load:global Completed in 0ms
npm timing config:load:validate Completed in 0ms
npm timing config:load:credentials Completed in 0ms
npm timing config:load:setEnvs Completed in 1ms
npm timing config:load Completed in 7ms
npm timing npm:load:configload Completed in 7ms
npm timing npm:load:mkdirpcache Completed in 0ms
npm timing npm:load:mkdirplogs Completed in 0ms
npm verb title npm install
npm verb argv "install" "--legacy-peer-deps" "--loglevel" "verbose"
npm timing npm:load:setTitle Completed in 5ms
npm timing config:load:flatten Completed in 1ms
npm timing npm:load:display Completed in 2ms
npm verb logfile logs-max:10 dir:/Users/adarsh/.npm/_logs
npm verb logfile /Users/adarsh/.npm/_logs/2022-11-10T09_00_17_239Z-debug-0.log
npm timing npm:load:logFile Completed in 2ms
npm timing npm:load:timers Completed in 0ms
npm timing npm:load:configScope Completed in 0ms
npm timing npm:load Completed in 16ms
npm timing arborist:ctor Completed in 0ms
npm timing arborist:ctor Completed in 0ms
npm timing idealTree:init Completed in 4ms
npm timing idealTree:userRequests Completed in 0ms
npm http fetch GET 200 https://registry.npmjs.org/cypress 215ms (cache revalidated)
npm http fetch GET 200 https://registry.npmjs.org/typescript 65ms (cache revalidated)
npm http fetch GET 200 https://registry.npmjs.org/buffer 44ms (cache hit)
npm http fetch GET 200 https://registry.npmjs.org/enquirer 42ms (cache hit)
npm http fetch GET 200 https://registry.npmjs.org/dayjs 44ms (cache hit)
npm http fetch GET 200 https://registry.npmjs.org/listr2 40ms (cache hit)
npm http fetch GET 200 https://registry.npmjs.org/blob-util 51ms (cache hit)
npm http fetch GET 200 https://registry.npmjs.org/proxy-from-env 43ms (cache hit)
npm http fetch GET 200 https://registry.npmjs.org/@types%2fnode 53ms (cache hit)
npm http fetch GET 200 https://registry.npmjs.org/@cypress%2frequest 110ms (cache revalidated)
npm http fetch GET 200 https://registry.npmjs.org/bluebird 163ms (cache revalidated)
npm http fetch GET 200 https://registry.npmjs.org/cli-table3 170ms (cache revalidated)
npm http fetch GET 200 https://registry.npmjs.org/getos 170ms (cache revalidated)
npm http fetch GET 200 https://registry.npmjs.org/debug 174ms (cache revalidated)
npm http fetch GET 200 https://registry.npmjs.org/chalk 179ms (cache revalidated)
npm http fetch GET 200 https://registry.npmjs.org/fs-extra 179ms (cache revalidated)
npm http fetch GET 200 https://registry.npmjs.org/cli-cursor 185ms (cache revalidated)
npm http fetch GET 200 https://registry.npmjs.org/@types%2fsizzle 188ms (cache revalidated)
npm http fetch GET 200 https://registry.npmjs.org/check-more-types 187ms (cache revalidated)
npm http fetch GET 200 https://registry.npmjs.org/eventemitter2 185ms (cache revalidated)
npm http fetch GET 200 https://registry.npmjs.org/@types%2fsinonjs__fake-timers 192ms (cache revalidated)
npm http fetch GET 200 https://registry.npmjs.org/execa 192ms (cache revalidated)
npm http fetch GET 200 https://registry.npmjs.org/commander 200ms (cache revalidated)
npm http fetch GET 200 https://registry.npmjs.org/@cypress%2fxvfb 205ms (cache revalidated)
npm http fetch GET 200 https://registry.npmjs.org/figures 211ms (cache revalidated)
npm http fetch GET 200 https://registry.npmjs.org/executable 218ms (cache revalidated)
npm http fetch GET 200 https://registry.npmjs.org/is-installed-globally 218ms (cache revalidated)
npm http fetch GET 200 https://registry.npmjs.org/extract-zip 223ms (cache revalidated)
npm http fetch GET 200 https://registry.npmjs.org/common-tags 235ms (cache revalidated)
npm http fetch GET 200 https://registry.npmjs.org/supports-color 227ms (cache revalidated)
npm http fetch GET 200 https://registry.npmjs.org/lazy-ass 231ms (cache revalidated)
npm http fetch GET 200 https://registry.npmjs.org/pretty-bytes 230ms (cache revalidated)
npm http fetch GET 200 https://registry.npmjs.org/is-ci 238ms (cache revalidated)
npm http fetch GET 200 https://registry.npmjs.org/minimist 239ms (cache revalidated)
npm http fetch GET 200 https://registry.npmjs.org/ospath 238ms (cache revalidated)
npm http fetch GET 200 https://registry.npmjs.org/request-progress 242ms (cache revalidated)
npm http fetch GET 200 https://registry.npmjs.org/lodash 243ms (cache revalidated)
npm http fetch GET 200 https://registry.npmjs.org/arch 255ms (cache revalidated)
npm http fetch GET 200 https://registry.npmjs.org/tmp 251ms (cache revalidated)
npm http fetch GET 200 https://registry.npmjs.org/semver 260ms (cache revalidated)
npm http fetch GET 200 https://registry.npmjs.org/log-symbols 276ms (cache revalidated)
npm http fetch GET 200 https://registry.npmjs.org/cachedir 287ms (cache revalidated)
npm http fetch GET 200 https://registry.npmjs.org/yauzl 282ms (cache revalidated)
npm http fetch GET 200 https://registry.npmjs.org/untildify 293ms (cache revalidated)
npm timing idealTree:#root Completed in 626ms
npm http fetch GET 200 https://registry.npmjs.org/merge-stream 41ms (cache hit)
npm http fetch GET 200 https://registry.npmjs.org/base64-js 44ms (cache hit)
npm http fetch GET 200 https://registry.npmjs.org/ieee754 43ms (cache hit)
npm http fetch GET 200 https://registry.npmjs.org/@colors%2fcolors 43ms (cache hit)
npm http fetch GET 200 https://registry.npmjs.org/@types%2fyauzl 39ms (cache hit)
npm http fetch GET 200 https://registry.npmjs.org/strip-final-newline 41ms (cache hit)
npm http fetch GET 200 https://registry.npmjs.org/at-least-node 39ms (cache hit)
npm http fetch GET 200 https://registry.npmjs.org/human-signals 42ms (cache hit)
npm http fetch GET 200 https://registry.npmjs.org/ansi-colors 43ms (cache hit)
npm http fetch GET 200 https://registry.npmjs.org/rfdc 38ms (cache hit)
npm http fetch GET 200 https://registry.npmjs.org/through 37ms (cache hit)
npm http fetch GET 200 https://registry.npmjs.org/is-unicode-supported 37ms (cache hit)
npm http fetch GET 200 https://registry.npmjs.org/lru-cache 36ms (cache hit)
npm http fetch GET 200 https://registry.npmjs.org/colorette 39ms (cache hit)
npm http fetch GET 200 https://registry.npmjs.org/extend 75ms (cache revalidated)
npm http fetch GET 200 https://registry.npmjs.org/http-signature 74ms (cache revalidated)
npm http fetch GET 200 https://registry.npmjs.org/aws-sign2 78ms (cache revalidated)
npm http fetch GET 200 https://registry.npmjs.org/caseless 77ms (cache revalidated)
npm http fetch GET 200 https://registry.npmjs.org/aws4 80ms (cache revalidated)
npm http fetch GET 200 https://registry.npmjs.org/form-data 80ms (cache revalidated)
npm http fetch GET 200 https://registry.npmjs.org/isstream 85ms (cache revalidated)
npm http fetch GET 200 https://registry.npmjs.org/safe-buffer 84ms (cache revalidated)
npm http fetch GET 200 https://registry.npmjs.org/qs 86ms (cache revalidated)
npm http fetch GET 200 https://registry.npmjs.org/tunnel-agent 88ms (cache revalidated)
npm http fetch GET 200 https://registry.npmjs.org/lodash.once 94ms (cache revalidated)
npm http fetch GET 200 https://registry.npmjs.org/performance-now 95ms (cache revalidated)
npm http fetch GET 200 https://registry.npmjs.org/is-typedarray 100ms (cache revalidated)
npm http fetch GET 200 https://registry.npmjs.org/tough-cookie 100ms (cache revalidated)
npm http fetch GET 200 https://registry.npmjs.org/json-stringify-safe 106ms (cache revalidated)
npm http fetch GET 200 https://registry.npmjs.org/uuid 138ms (cache revalidated)
npm http fetch GET 200 https://registry.npmjs.org/escape-string-regexp 133ms (cache revalidated)
npm http fetch GET 200 https://registry.npmjs.org/mime-types 147ms (cache revalidated)
npm http fetch GET 200 https://registry.npmjs.org/npm-run-path 142ms (cache revalidated)
npm http fetch GET 200 https://registry.npmjs.org/onetime 142ms (cache revalidated)
npm http fetch GET 200 https://registry.npmjs.org/ansi-styles 146ms (cache revalidated)
npm http fetch GET 200 https://registry.npmjs.org/get-stream 146ms (cache revalidated)
npm http fetch GET 200 https://registry.npmjs.org/cli-truncate 141ms (cache revalidated)
npm http fetch GET 200 https://registry.npmjs.org/async 147ms (cache revalidated)
npm http fetch GET 200 https://registry.npmjs.org/restore-cursor 154ms (cache revalidated)
npm http fetch GET 200 https://registry.npmjs.org/universalify 154ms (cache revalidated)
npm http fetch GET 200 https://registry.npmjs.org/pify 156ms (cache revalidated)
npm http fetch GET 200 https://registry.npmjs.org/ci-info 158ms (cache revalidated)
npm http fetch GET 200 https://registry.npmjs.org/get-stream 189ms (cache revalidated)
npm http fetch GET 200 https://registry.npmjs.org/rimraf 184ms (cache revalidated)
npm http fetch GET 200 https://registry.npmjs.org/jsonfile 188ms (cache revalidated)
npm http fetch GET 200 https://registry.npmjs.org/string-width 194ms (cache revalidated)
npm http fetch GET 200 https://registry.npmjs.org/graceful-fs 189ms (cache revalidated)
npm http fetch GET 200 https://registry.npmjs.org/throttleit 187ms (cache revalidated)
npm http fetch GET 200 https://registry.npmjs.org/rxjs 189ms (cache revalidated)
npm http fetch GET 200 https://registry.npmjs.org/signal-exit 198ms (cache revalidated)
npm http fetch GET 200 https://registry.npmjs.org/ms 205ms (cache revalidated)
npm http fetch GET 200 https://registry.npmjs.org/log-update 212ms (cache revalidated)
npm http fetch GET 200 https://registry.npmjs.org/cross-spawn 222ms (cache revalidated)
npm http fetch GET 200 https://registry.npmjs.org/combined-stream 233ms (cache revalidated)
npm http fetch GET 200 https://registry.npmjs.org/buffer-crc32 221ms (cache revalidated)
npm http fetch GET 200 https://registry.npmjs.org/fd-slicer 229ms (cache revalidated)
npm http fetch GET 200 https://registry.npmjs.org/p-map 232ms (cache revalidated)
npm http fetch GET 200 https://registry.npmjs.org/global-dirs 234ms (cache revalidated)
npm http fetch GET 200 https://registry.npmjs.org/wrap-ansi 232ms (cache revalidated)
npm http fetch GET 200 https://registry.npmjs.org/has-flag 232ms (cache revalidated)
npm http fetch GET 200 https://registry.npmjs.org/is-path-inside 241ms (cache revalidated)
npm http fetch GET 200 https://registry.npmjs.org/is-stream 438ms (cache revalidated)
npm http fetch GET 200 https://registry.npmjs.org/forever-agent 1237ms (cache revalidated)
npm timing idealTree:node_modules/cypress Completed in 1258ms
npm http fetch GET 200 https://registry.npmjs.org/punycode 50ms (cache revalidated)
npm http fetch GET 200 https://registry.npmjs.org/jsprim 55ms (cache revalidated)
npm http fetch GET 200 https://registry.npmjs.org/asynckit 61ms (cache revalidated)
npm http fetch GET 200 https://registry.npmjs.org/psl 58ms (cache revalidated)
npm http fetch GET 200 https://registry.npmjs.org/delayed-stream 70ms (cache revalidated)
npm http fetch GET 200 https://registry.npmjs.org/sshpk 64ms (cache revalidated)
npm http fetch GET 200 https://registry.npmjs.org/assert-plus 72ms (cache revalidated)
npm http fetch GET 200 https://registry.npmjs.org/mime-db 73ms (cache revalidated)
npm timing idealTree:node_modules/@cypress/request Completed in 92ms
npm timing idealTree:node_modules/@cypress/xvfb Completed in 1ms
npm timing idealTree:node_modules/@types/node Completed in 0ms
npm timing idealTree:node_modules/@types/sinonjs__fake-timers Completed in 0ms
npm timing idealTree:node_modules/@types/sizzle Completed in 0ms
npm timing idealTree:node_modules/arch Completed in 0ms
npm timing idealTree:node_modules/aws-sign2 Completed in 0ms
npm timing idealTree:node_modules/aws4 Completed in 0ms
npm timing idealTree:node_modules/blob-util Completed in 0ms
npm timing idealTree:node_modules/bluebird Completed in 0ms
npm timing idealTree:node_modules/buffer Completed in 0ms
npm timing idealTree:node_modules/base64-js Completed in 0ms
npm timing idealTree:node_modules/cachedir Completed in 0ms
npm timing idealTree:node_modules/caseless Completed in 0ms
npm http fetch GET 200 https://registry.npmjs.org/color-convert 53ms (cache revalidated)
npm timing idealTree:node_modules/chalk Completed in 55ms
npm http fetch GET 200 https://registry.npmjs.org/color-name 124ms (cache revalidated)
npm timing idealTree:node_modules/ansi-styles Completed in 126ms
npm timing idealTree:node_modules/check-more-types Completed in 0ms
npm timing idealTree:node_modules/cli-cursor Completed in 2ms
npm http fetch GET 200 https://registry.npmjs.org/emoji-regex 6ms (cache hit)
npm http fetch GET 200 https://registry.npmjs.org/strip-ansi 56ms (cache revalidated)
npm http fetch GET 200 https://registry.npmjs.org/is-fullwidth-code-point 65ms (cache revalidated)
npm timing idealTree:node_modules/cli-table3 Completed in 68ms
npm timing idealTree:node_modules/@colors/colors Completed in 0ms
npm timing idealTree:node_modules/color-convert Completed in 1ms
npm timing idealTree:node_modules/color-name Completed in 0ms
npm timing idealTree:node_modules/combined-stream Completed in 1ms
npm timing idealTree:node_modules/commander Completed in 0ms
npm timing idealTree:node_modules/common-tags Completed in 0ms
npm timing idealTree:node_modules/dayjs Completed in 0ms
npm timing idealTree:node_modules/debug Completed in 1ms
npm timing idealTree:node_modules/delayed-stream Completed in 0ms
npm timing idealTree:node_modules/enquirer Completed in 1ms
npm timing idealTree:node_modules/ansi-colors Completed in 0ms
npm timing idealTree:node_modules/eventemitter2 Completed in 0ms
npm http fetch GET 200 https://registry.npmjs.org/shebang-command 54ms (cache revalidated)
npm http fetch GET 200 https://registry.npmjs.org/path-key 55ms (cache revalidated)
npm http fetch GET 200 https://registry.npmjs.org/mimic-fn 56ms (cache revalidated)
npm http fetch GET 200 https://registry.npmjs.org/path-key 57ms (cache revalidated)
npm http fetch GET 200 https://registry.npmjs.org/which 63ms (cache revalidated)
npm http fetch GET 200 https://registry.npmjs.org/pump 85ms (cache revalidated)
npm timing idealTree:node_modules/execa Completed in 94ms
npm http fetch GET 200 https://registry.npmjs.org/isexe 71ms (cache revalidated)
npm http fetch GET 200 https://registry.npmjs.org/shebang-regex 72ms (cache revalidated)
npm timing idealTree:node_modules/cross-spawn Completed in 75ms
npm timing idealTree:node_modules/executable Completed in 1ms
npm timing idealTree:node_modules/extend Completed in 0ms
npm timing idealTree:node_modules/extract-zip Completed in 2ms
npm timing idealTree:node_modules/@types/yauzl Completed in 0ms
npm timing idealTree:node_modules/figures Completed in 0ms
npm timing idealTree:node_modules/escape-string-regexp Completed in 0ms
npm timing idealTree:node_modules/forever-agent Completed in 0ms
npm timing idealTree:node_modules/form-data Completed in 0ms
npm timing idealTree:node_modules/asynckit Completed in 0ms
npm timing idealTree:node_modules/fs-extra Completed in 2ms
npm timing idealTree:node_modules/at-least-node Completed in 0ms
npm http fetch GET 200 https://registry.npmjs.org/once 66ms (cache revalidated)
npm http fetch GET 200 https://registry.npmjs.org/end-of-stream 70ms (cache revalidated)
npm timing idealTree:node_modules/get-stream Completed in 71ms
npm timing idealTree:node_modules/getos Completed in 1ms
npm timing idealTree:node_modules/async Completed in 0ms
npm timing idealTree:node_modules/graceful-fs Completed in 0ms
npm http fetch GET 200 https://registry.npmjs.org/getpass 51ms (cache revalidated)
npm http fetch GET 200 https://registry.npmjs.org/dashdash 52ms (cache revalidated)
npm http fetch GET 200 https://registry.npmjs.org/safer-buffer 56ms (cache revalidated)
npm http fetch GET 200 https://registry.npmjs.org/asn1 58ms (cache revalidated)
npm http fetch GET 200 https://registry.npmjs.org/jsbn 58ms (cache revalidated)
npm http fetch GET 200 https://registry.npmjs.org/verror 60ms (cache revalidated)
npm http fetch GET 200 https://registry.npmjs.org/ecc-jsbn 61ms (cache revalidated)
npm http fetch GET 200 https://registry.npmjs.org/json-schema 64ms (cache revalidated)
npm http fetch GET 200 https://registry.npmjs.org/extsprintf 72ms (cache revalidated)
npm http fetch GET 200 https://registry.npmjs.org/bcrypt-pbkdf 72ms (cache revalidated)
npm http fetch GET 200 https://registry.npmjs.org/tweetnacl 77ms (cache revalidated)
npm timing idealTree:node_modules/http-signature Completed in 83ms
npm timing idealTree:node_modules/assert-plus Completed in 0ms
npm timing idealTree:node_modules/human-signals Completed in 0ms
npm timing idealTree:node_modules/ieee754 Completed in 0ms
npm timing idealTree:node_modules/is-ci Completed in 1ms
npm timing idealTree:node_modules/ci-info Completed in 0ms
npm http fetch GET 200 https://registry.npmjs.org/ini 69ms (cache revalidated)
npm timing idealTree:node_modules/is-installed-globally Completed in 70ms
npm timing idealTree:node_modules/global-dirs Completed in 1ms
npm timing idealTree:node_modules/ini Completed in 0ms
npm timing idealTree:node_modules/is-path-inside Completed in 0ms
npm timing idealTree:node_modules/is-stream Completed in 0ms
npm timing idealTree:node_modules/is-typedarray Completed in 0ms
npm timing idealTree:node_modules/isstream Completed in 0ms
npm timing idealTree:node_modules/json-stringify-safe Completed in 0ms
npm timing idealTree:node_modules/jsonfile Completed in 0ms
npm http fetch GET 200 https://registry.npmjs.org/core-util-is 73ms (cache revalidated)
npm timing idealTree:node_modules/jsprim Completed in 76ms
npm timing idealTree:node_modules/extsprintf Completed in 0ms
npm timing idealTree:node_modules/json-schema Completed in 0ms
npm timing idealTree:node_modules/lazy-ass Completed in 0ms
npm http fetch GET 200 https://registry.npmjs.org/aggregate-error 13ms (cache hit)
npm http fetch GET 200 https://registry.npmjs.org/tslib 63ms (cache revalidated)
npm http fetch GET 200 https://registry.npmjs.org/slice-ansi 66ms (cache revalidated)
npm http fetch GET 200 https://registry.npmjs.org/ansi-escapes 70ms (cache revalidated)
npm http fetch GET 200 https://registry.npmjs.org/slice-ansi 74ms (cache revalidated)
npm timing idealTree:node_modules/listr2 Completed in 83ms
npm http fetch GET 200 https://registry.npmjs.org/astral-regex 3ms (cache hit)
npm timing idealTree:node_modules/cli-truncate Completed in 4ms
npm timing idealTree:node_modules/colorette Completed in 0ms
npm timing idealTree:node_modules/lodash Completed in 0ms
npm timing idealTree:node_modules/lodash.once Completed in 0ms
npm timing idealTree:node_modules/log-symbols Completed in 0ms
npm timing idealTree:node_modules/is-unicode-supported Completed in 0ms
npm http fetch GET 200 https://registry.npmjs.org/type-fest 2ms (cache hit)
npm timing idealTree:node_modules/log-update Completed in 6ms
npm timing idealTree:node_modules/ansi-escapes Completed in 0ms
npm timing idealTree:node_modules/merge-stream Completed in 0ms
npm timing idealTree:node_modules/mime-types Completed in 1ms
npm timing idealTree:node_modules/mime-db Completed in 0ms
npm timing idealTree:node_modules/minimist Completed in 0ms
npm timing idealTree:node_modules/ms Completed in 0ms
npm timing idealTree:node_modules/npm-run-path Completed in 0ms
npm timing idealTree:node_modules/onetime Completed in 1ms
npm timing idealTree:node_modules/mimic-fn Completed in 0ms
npm timing idealTree:node_modules/ospath Completed in 0ms
npm http fetch GET 200 https://registry.npmjs.org/clean-stack 2ms (cache hit)
npm http fetch GET 200 https://registry.npmjs.org/indent-string 75ms (cache revalidated)
npm timing idealTree:node_modules/p-map Completed in 76ms
npm timing idealTree:node_modules/aggregate-error Completed in 2ms
npm timing idealTree:node_modules/clean-stack Completed in 0ms
npm timing idealTree:node_modules/indent-string Completed in 0ms
npm timing idealTree:node_modules/path-key Completed in 0ms
npm timing idealTree:node_modules/performance-now Completed in 0ms
npm timing idealTree:node_modules/pify Completed in 0ms
npm timing idealTree:node_modules/pretty-bytes Completed in 0ms
npm timing idealTree:node_modules/proxy-from-env Completed in 0ms
npm http fetch GET 200 https://registry.npmjs.org/wrappy 60ms (cache revalidated)
npm timing idealTree:node_modules/pump Completed in 62ms
npm timing idealTree:node_modules/end-of-stream Completed in 0ms
npm timing idealTree:node_modules/once Completed in 1ms
npm timing idealTree:node_modules/qs Completed in 0ms
npm timing idealTree:node_modules/request-progress Completed in 0ms
npm timing idealTree:node_modules/restore-cursor Completed in 0ms
npm timing idealTree:node_modules/rfdc Completed in 0ms
npm timing idealTree:node_modules/rxjs Completed in 0ms
npm timing idealTree:node_modules/safe-buffer Completed in 0ms
npm http fetch GET 200 https://registry.npmjs.org/yallist 2ms (cache hit)
npm timing idealTree:node_modules/semver Completed in 3ms
npm timing idealTree:node_modules/lru-cache Completed in 0ms
npm timing idealTree:node_modules/shebang-command Completed in 1ms
npm timing idealTree:node_modules/shebang-regex Completed in 0ms
npm timing idealTree:node_modules/signal-exit Completed in 0ms
npm timing idealTree:node_modules/slice-ansi Completed in 1ms
npm timing idealTree:node_modules/astral-regex Completed in 0ms
npm timing idealTree:node_modules/is-fullwidth-code-point Completed in 0ms
npm timing idealTree:node_modules/sshpk Completed in 3ms
npm timing idealTree:node_modules/asn1 Completed in 0ms
npm timing idealTree:node_modules/bcrypt-pbkdf Completed in 0ms
npm timing idealTree:node_modules/dashdash Completed in 0ms
npm timing idealTree:node_modules/ecc-jsbn Completed in 0ms
npm timing idealTree:node_modules/getpass Completed in 0ms
npm timing idealTree:node_modules/jsbn Completed in 0ms
npm timing idealTree:node_modules/safer-buffer Completed in 0ms
npm http fetch GET 200 https://registry.npmjs.org/ansi-regex 61ms (cache revalidated)
npm timing idealTree:node_modules/string-width Completed in 62ms
npm timing idealTree:node_modules/emoji-regex Completed in 0ms
npm timing idealTree:node_modules/strip-ansi Completed in 1ms
npm timing idealTree:node_modules/ansi-regex Completed in 0ms
npm timing idealTree:node_modules/strip-final-newline Completed in 0ms
npm timing idealTree:node_modules/supports-color Completed in 0ms
npm timing idealTree:node_modules/has-flag Completed in 0ms
npm timing idealTree:node_modules/throttleit Completed in 0ms
npm timing idealTree:node_modules/through Completed in 0ms
npm http fetch GET 200 https://registry.npmjs.org/glob 68ms (cache revalidated)
npm timing idealTree:node_modules/tmp Completed in 69ms
npm http fetch GET 200 https://registry.npmjs.org/path-is-absolute 53ms (cache revalidated)
npm http fetch GET 200 https://registry.npmjs.org/inflight 56ms (cache revalidated)
npm http fetch GET 200 https://registry.npmjs.org/inherits 66ms (cache revalidated)
npm http fetch GET 200 https://registry.npmjs.org/fs.realpath 73ms (cache revalidated)
npm http fetch GET 200 https://registry.npmjs.org/minimatch 73ms (cache revalidated)
npm timing idealTree:node_modules/rimraf Completed in 75ms
npm http fetch GET 200 https://registry.npmjs.org/brace-expansion 59ms (cache revalidated)
npm timing idealTree:node_modules/glob Completed in 62ms
npm timing idealTree:node_modules/fs.realpath Completed in 0ms
npm timing idealTree:node_modules/inflight Completed in 0ms
npm timing idealTree:node_modules/inherits Completed in 0ms
npm http fetch GET 200 https://registry.npmjs.org/balanced-match 57ms (cache revalidated)
npm http fetch GET 200 https://registry.npmjs.org/concat-map 75ms (cache revalidated)
npm timing idealTree:node_modules/minimatch Completed in 76ms
npm timing idealTree:node_modules/brace-expansion Completed in 1ms
npm timing idealTree:node_modules/balanced-match Completed in 0ms
npm timing idealTree:node_modules/concat-map Completed in 0ms
npm timing idealTree:node_modules/path-is-absolute Completed in 0ms
npm timing idealTree:node_modules/tough-cookie Completed in 0ms
npm timing idealTree:node_modules/psl Completed in 0ms
npm timing idealTree:node_modules/punycode Completed in 0ms
npm timing idealTree:node_modules/tslib Completed in 0ms
npm timing idealTree:node_modules/tunnel-agent Completed in 0ms
npm timing idealTree:node_modules/tweetnacl Completed in 0ms
npm timing idealTree:node_modules/type-fest Completed in 0ms
npm timing idealTree:node_modules/typescript Completed in 0ms
npm timing idealTree:node_modules/universalify Completed in 0ms
npm timing idealTree:node_modules/untildify Completed in 0ms
npm timing idealTree:node_modules/uuid Completed in 0ms
npm timing idealTree:node_modules/verror Completed in 0ms
npm timing idealTree:node_modules/core-util-is Completed in 0ms
npm timing idealTree:node_modules/which Completed in 1ms
npm timing idealTree:node_modules/isexe Completed in 0ms
npm timing idealTree:node_modules/wrap-ansi Completed in 0ms
npm timing idealTree:node_modules/wrappy Completed in 0ms
npm timing idealTree:node_modules/yallist Completed in 0ms
npm http fetch GET 200 https://registry.npmjs.org/pend 60ms (cache revalidated)
npm timing idealTree:node_modules/yauzl Completed in 61ms
npm timing idealTree:node_modules/buffer-crc32 Completed in 0ms
npm timing idealTree:node_modules/fd-slicer Completed in 1ms
npm timing idealTree:node_modules/pend Completed in 0ms
npm timing idealTree:node_modules/@cypress/xvfb/node_modules/debug Completed in 0ms
npm timing idealTree:node_modules/chalk/node_modules/supports-color Completed in 0ms
npm timing idealTree:node_modules/log-update/node_modules/slice-ansi Completed in 0ms
npm timing idealTree:node_modules/log-update/node_modules/wrap-ansi Completed in 0ms
npm timing idealTree:buildDeps Completed in 3383ms
npm timing idealTree:fixDepFlags Completed in 1ms
npm timing idealTree Completed in 3389ms
npm timing reify:loadTrees Completed in 3389ms
npm timing reify:diffTrees Completed in 2ms
npm timing reify:retireShallow Completed in 0ms
npm timing reify:createSparse Completed in 14ms
npm timing reify:loadBundles Completed in 0ms
npm http fetch POST 200 https://registry.npmjs.org/-/npm/v1/security/advisories/bulk 360ms
npm timing auditReport:getReport Completed in 362ms
npm timing auditReport:init Completed in 0ms
npm timing reify:audit Completed in 364ms
npm timing reifyNode:node_modules/buffer-crc32 Completed in 391ms
npm timing reifyNode:node_modules/path-is-absolute Completed in 391ms
npm timing reifyNode:node_modules/brace-expansion Completed in 392ms
npm timing reifyNode:node_modules/inflight Completed in 392ms
npm timing reifyNode:node_modules/wrappy Completed in 393ms
npm timing reifyNode:node_modules/once Completed in 394ms
npm timing reifyNode:node_modules/end-of-stream Completed in 394ms
npm timing reifyNode:node_modules/slice-ansi Completed in 396ms
npm timing reifyNode:node_modules/wrap-ansi Completed in 396ms
npm timing reifyNode:node_modules/ini Completed in 397ms
npm timing reifyNode:node_modules/universalify Completed in 397ms
npm timing reifyNode:node_modules/shebang-command Completed in 397ms
npm timing reifyNode:node_modules/escape-string-regexp Completed in 398ms
npm timing reifyNode:node_modules/strip-final-newline Completed in 397ms
npm timing reifyNode:node_modules/at-least-node Completed in 398ms
npm timing reifyNode:node_modules/pify Completed in 397ms
npm timing reifyNode:node_modules/merge-stream Completed in 398ms
npm timing reifyNode:node_modules/ms Completed in 398ms
npm timing reifyNode:node_modules/@types/yauzl Completed in 399ms
npm timing reifyNode:node_modules/color-name Completed in 398ms
npm timing reifyNode:node_modules/lodash.once Completed in 398ms
npm timing reifyNode:node_modules/executable Completed in 399ms
npm timing reifyNode:node_modules/@cypress/xvfb Completed in 399ms
npm timing reifyNode:node_modules/@types/sinonjs__fake-timers Completed in 400ms
npm timing reifyNode:node_modules/log-update/node_modules/slice-ansi Completed in 402ms
npm timing reifyNode:node_modules/log-update/node_modules/wrap-ansi Completed in 402ms
npm timing reifyNode:node_modules/@types/sizzle Completed in 401ms
npm timing reifyNode:node_modules/inherits Completed in 402ms
npm timing reifyNode:node_modules/has-flag Completed in 403ms
npm timing reifyNode:node_modules/ansi-regex Completed in 403ms
npm timing reifyNode:node_modules/pend Completed in 404ms
npm timing reifyNode:node_modules/strip-ansi Completed in 403ms
npm timing reifyNode:node_modules/shebang-regex Completed in 403ms
npm timing reifyNode:node_modules/astral-regex Completed in 403ms
npm timing reifyNode:node_modules/lru-cache Completed in 403ms
npm timing reifyNode:node_modules/is-fullwidth-code-point Completed in 404ms
npm timing reifyNode:node_modules/clean-stack Completed in 404ms
npm timing reifyNode:node_modules/indent-string Completed in 404ms
npm timing reifyNode:node_modules/mimic-fn Completed in 404ms
npm timing reifyNode:node_modules/aggregate-error Completed in 404ms
npm timing reifyNode:node_modules/p-map Completed in 404ms
npm timing reifyNode:node_modules/log-update Completed in 404ms
npm timing reifyNode:node_modules/cli-truncate Completed in 404ms
npm timing reifyNode:node_modules/is-unicode-supported Completed in 405ms
npm timing reifyNode:node_modules/is-path-inside Completed in 405ms
npm timing reifyNode:node_modules/global-dirs Completed in 405ms
npm timing reifyNode:node_modules/path-key Completed in 404ms
npm timing reifyNode:node_modules/signal-exit Completed in 404ms
npm timing reifyNode:node_modules/npm-run-path Completed in 404ms
npm timing reifyNode:node_modules/is-stream Completed in 405ms
npm timing reifyNode:node_modules/assert-plus Completed in 406ms
npm timing reifyNode:node_modules/restore-cursor Completed in 405ms
npm timing reifyNode:node_modules/string-width Completed in 405ms
npm timing reifyNode:node_modules/onetime Completed in 405ms
npm timing reifyNode:node_modules/ieee754 Completed in 405ms
npm timing reifyNode:node_modules/is-typedarray Completed in 405ms
npm timing reifyNode:node_modules/forever-agent Completed in 406ms
npm timing reifyNode:node_modules/caseless Completed in 406ms
npm timing reifyNode:node_modules/tunnel-agent Completed in 406ms
npm timing reifyNode:node_modules/untildify Completed in 406ms
npm timing reifyNode:node_modules/aws-sign2 Completed in 406ms
npm timing reifyNode:node_modules/ospath Completed in 407ms
npm timing reifyNode:node_modules/pretty-bytes Completed in 407ms
npm timing reifyNode:node_modules/supports-color Completed in 407ms
npm timing reifyNode:node_modules/is-installed-globally Completed in 407ms
npm timing reifyNode:node_modules/figures Completed in 407ms
npm timing reifyNode:node_modules/cli-cursor Completed in 407ms
npm timing reifyNode:node_modules/balanced-match Completed in 409ms
npm timing reifyNode:node_modules/fs.realpath Completed in 409ms
npm timing reifyNode:node_modules/chalk/node_modules/supports-color Completed in 408ms
npm timing reifyNode:node_modules/yallist Completed in 409ms
npm timing reifyNode:node_modules/ansi-escapes Completed in 410ms
npm timing reifyNode:node_modules/base64-js Completed in 410ms
npm timing reifyNode:node_modules/ansi-styles Completed in 410ms
npm timing reifyNode:node_modules/combined-stream Completed in 410ms
npm timing reifyNode:node_modules/log-symbols Completed in 410ms
npm timing reifyNode:node_modules/is-ci Completed in 411ms
npm timing reifyNode:node_modules/arch Completed in 411ms
npm timing reifyNode:node_modules/extract-zip Completed in 412ms
npm timing reifyNode:node_modules/cachedir Completed in 412ms
npm timing reifyNode:node_modules/minimatch Completed in 413ms
npm timing reifyNode:node_modules/getpass Completed in 415ms
npm timing reifyNode:node_modules/pump Completed in 415ms
npm timing reifyNode:node_modules/ci-info Completed in 415ms
npm timing reifyNode:node_modules/which Completed in 415ms
npm timing reifyNode:node_modules/get-stream Completed in 415ms
npm timing reifyNode:node_modules/delayed-stream Completed in 415ms
npm timing reifyNode:node_modules/mime-types Completed in 416ms
npm timing reifyNode:node_modules/rimraf Completed in 418ms
npm timing reifyNode:node_modules/bcrypt-pbkdf Completed in 418ms
npm timing reifyNode:node_modules/punycode Completed in 420ms
npm timing reifyNode:node_modules/colorette Completed in 419ms
npm timing reifyNode:node_modules/graceful-fs Completed in 419ms
npm timing reifyNode:node_modules/json-schema Completed in 420ms
npm timing reifyNode:node_modules/jsonfile Completed in 420ms
npm timing reifyNode:node_modules/safe-buffer Completed in 419ms
npm timing reifyNode:node_modules/yauzl Completed in 419ms
npm timing reifyNode:node_modules/concat-map Completed in 422ms
npm timing reifyNode:node_modules/core-util-is Completed in 422ms
npm timing reifyNode:node_modules/throttleit Completed in 422ms
npm timing reifyNode:node_modules/ansi-colors Completed in 422ms
npm timing reifyNode:node_modules/color-convert Completed in 422ms
npm timing reifyNode:node_modules/lazy-ass Completed in 423ms
npm timing reifyNode:node_modules/debug Completed in 423ms
npm timing reifyNode:node_modules/isexe Completed in 425ms
npm timing reifyNode:node_modules/safer-buffer Completed in 424ms
npm timing reifyNode:node_modules/jsprim Completed in 425ms
npm timing reifyNode:node_modules/isstream Completed in 424ms
npm timing reifyNode:node_modules/extend Completed in 424ms
npm timing reifyNode:node_modules/aws4 Completed in 425ms
npm timing reifyNode:node_modules/proxy-from-env Completed in 425ms
npm timing reifyNode:node_modules/request-progress Completed in 425ms
npm timing reifyNode:node_modules/glob Completed in 427ms
npm timing reifyNode:node_modules/jsbn Completed in 427ms
npm timing reifyNode:node_modules/verror Completed in 428ms
npm timing reifyNode:node_modules/tmp Completed in 428ms
npm timing reifyNode:node_modules/ecc-jsbn Completed in 430ms
npm timing reifyNode:node_modules/chalk Completed in 429ms
npm timing reifyNode:node_modules/emoji-regex Completed in 431ms
npm timing reifyNode:node_modules/extsprintf Completed in 431ms
npm timing reifyNode:node_modules/cross-spawn Completed in 430ms
npm timing reifyNode:node_modules/fd-slicer Completed in 432ms
npm timing reifyNode:node_modules/json-stringify-safe Completed in 431ms
npm timing reifyNode:node_modules/buffer Completed in 432ms
npm timing reifyNode:node_modules/eventemitter2 Completed in 433ms
npm timing reifyNode:node_modules/@cypress/xvfb/node_modules/debug Completed in 433ms
npm timing reifyNode:node_modules/asn1 Completed in 435ms
npm timing reifyNode:node_modules/through Completed in 436ms
npm timing reifyNode:node_modules/rfdc Completed in 436ms
npm timing reifyNode:node_modules/check-more-types Completed in 436ms
npm timing reifyNode:node_modules/http-signature Completed in 436ms
npm timing reifyNode:node_modules/dashdash Completed in 437ms
npm timing reifyNode:node_modules/commander Completed in 437ms
npm timing reifyNode:node_modules/blob-util Completed in 438ms
npm timing reifyNode:node_modules/cli-table3 Completed in 439ms
npm timing reifyNode:node_modules/tough-cookie Completed in 440ms
npm timing reifyNode:node_modules/execa Completed in 440ms
npm timing reifyNode:node_modules/tslib Completed in 443ms
npm timing reifyNode:node_modules/human-signals Completed in 443ms
npm timing reifyNode:node_modules/form-data Completed in 443ms
npm timing reifyNode:node_modules/mime-db Completed in 445ms
npm timing reifyNode:node_modules/asynckit Completed in 445ms
npm timing reifyNode:node_modules/performance-now Completed in 445ms
npm timing reifyNode:node_modules/tweetnacl Completed in 450ms
npm timing reifyNode:node_modules/minimist Completed in 457ms
npm timing reifyNode:node_modules/@colors/colors Completed in 458ms
npm timing reifyNode:node_modules/@cypress/request Completed in 458ms
npm timing reifyNode:node_modules/qs Completed in 461ms
npm timing reifyNode:node_modules/psl Completed in 468ms
npm timing reifyNode:node_modules/type-fest Completed in 483ms
npm timing reifyNode:node_modules/semver Completed in 484ms
npm timing reifyNode:node_modules/sshpk Completed in 491ms
npm timing reifyNode:node_modules/fs-extra Completed in 490ms
npm timing reifyNode:node_modules/enquirer Completed in 492ms
npm timing reifyNode:node_modules/getos Completed in 498ms
npm timing reifyNode:node_modules/uuid Completed in 504ms
npm timing reifyNode:node_modules/bluebird Completed in 507ms
npm timing reifyNode:node_modules/listr2 Completed in 509ms
npm timing reifyNode:node_modules/common-tags Completed in 548ms
npm timing reifyNode:node_modules/async Completed in 549ms
npm timing reifyNode:node_modules/@types/node Completed in 555ms
npm timing reifyNode:node_modules/dayjs Completed in 674ms
npm http fetch GET 200 https://registry.npmjs.org/cypress/-/cypress-9.7.0.tgz 739ms (cache miss)
npm timing reifyNode:node_modules/cypress Completed in 761ms
npm timing reifyNode:node_modules/lodash Completed in 792ms
npm timing reifyNode:node_modules/rxjs Completed in 990ms
npm timing reifyNode:node_modules/typescript Completed in 1047ms
npm timing reify:unpack Completed in 1050ms
npm timing reify:unretire Completed in 0ms
npm timing build:queue Completed in 2ms
npm timing build:link:node_modules/rimraf Completed in 2ms
npm timing build:link:node_modules/cypress Completed in 3ms
npm timing build:link:node_modules/is-ci Completed in 2ms
npm timing build:link:node_modules/which Completed in 2ms
npm timing build:link:node_modules/extract-zip Completed in 2ms
npm timing build:link:node_modules/sshpk Completed in 2ms
npm timing build:link:node_modules/uuid Completed in 2ms
npm timing build:link:node_modules/semver Completed in 2ms
npm timing build:link:node_modules/typescript Completed in 2ms
npm timing build:link Completed in 3ms
npm info run cypress@9.7.0 postinstall node_modules/cypress node index.js --exec install
npm info run cypress@9.7.0 postinstall { code: 0, signal: null }
npm timing build:run:postinstall:node_modules/cypress Completed in 198ms
npm timing build:run:postinstall Completed in 198ms
npm timing build:deps Completed in 203ms
npm timing build Completed in 203ms
npm timing reify:build Completed in 203ms
npm timing reify:trash Completed in 0ms
npm timing reify:save Completed in 13ms
npm timing reify Completed in 4685ms

added 166 packages, and audited 167 packages in 5s

28 packages are looking for funding
  run `npm fund` for details

found 0 vulnerabilities
npm timing command:install Completed in 4690ms
npm verb exit 0
npm timing npm Completed in 4747ms
npm info ok 
